Vivado Simulator 2016.4
Copyright 1986-1999, 2001-2016 Xilinx, Inc. All Rights Reserved.
Running: C:/Xilinx/Vivado/2016.4/bin/unwrapped/win64.o/xelab.exe -wto a7e4242a1fa64736b79c5cd02d4eddcb --debug typical --relax --mt 2 -L xil_defaultlib -L unisims_ver -L unimacro_ver -L secureip --snapshot test_behav xil_defaultlib.test xil_defaultlib.glbl -log elaborate.log 
Using 2 slave threads.
Starting static elaboration
WARNING: [VRFC 10-278] actual bit length 5 differs from formal bit length 4 for port sel [C:/Users/Sabouzeid0/Downloads/ms4_ALMOSTFINAL1/ms4_ALMOSTFINAL1.srcs/sources_1/imports/sources_1/imports/sources_1/new/ALU.v:9]
WARNING: [VRFC 10-278] actual bit length 33 differs from formal bit length 32 for port A [C:/Users/Sabouzeid0/Downloads/ms4_ALMOSTFINAL1/ms4_ALMOSTFINAL1.srcs/sources_1/imports/sources_1/imports/sources_1/new/RISC-V.v:110]
WARNING: [VRFC 10-278] actual bit length 33 differs from formal bit length 32 for port auipc [C:/Users/Sabouzeid0/Downloads/ms4_ALMOSTFINAL1/ms4_ALMOSTFINAL1.srcs/sources_1/imports/sources_1/imports/sources_1/new/RISC-V.v:126]
Completed static elaboration
Starting simulation data flow analysis
WARNING: [XSIM 43-4099] "C:/Users/Sabouzeid0/Downloads/ms4_ALMOSTFINAL1/ms4_ALMOSTFINAL1.srcs/sources_1/imports/sources_1/imports/sources_1/new/DFlipFlop_NEW.v" Line 1. Module DFlipFlop_NEW doesn't have a timescale but at least one module in design has a timescale.
WARNING: [XSIM 43-4099] "C:/Users/Sabouzeid0/Downloads/ms4_ALMOSTFINAL1/ms4_ALMOSTFINAL1.srcs/sources_1/imports/sources_1/imports/sources_1/new/DFlipFlop_NEW.v" Line 1. Module DFlipFlop_NEW doesn't have a timescale but at least one module in design has a timescale.
WARNING: [XSIM 43-4099] "C:/Users/Sabouzeid0/Downloads/ms4_ALMOSTFINAL1/ms4_ALMOSTFINAL1.srcs/sources_1/imports/sources_1/imports/sources_1/new/DFlipFlop_NEW.v" Line 1. Module DFlipFlop_NEW doesn't have a timescale but at least one module in design has a timescale.
WARNING: [XSIM 43-4099] "C:/Users/Sabouzeid0/Downloads/ms4_ALMOSTFINAL1/ms4_ALMOSTFINAL1.srcs/sources_1/imports/sources_1/imports/sources_1/new/DFlipFlop_NEW.v" Line 1. Module DFlipFlop_NEW doesn't have a timescale but at least one module in design has a timescale.
WARNING: [XSIM 43-4099] "C:/Users/Sabouzeid0/Downloads/ms4_ALMOSTFINAL1/ms4_ALMOSTFINAL1.srcs/sources_1/imports/sources_1/imports/sources_1/new/DFlipFlop_NEW.v" Line 1. Module DFlipFlop_NEW doesn't have a timescale but at least one module in design has a timescale.
WARNING: [XSIM 43-4099] "C:/Users/Sabouzeid0/Downloads/ms4_ALMOSTFINAL1/ms4_ALMOSTFINAL1.srcs/sources_1/imports/sources_1/imports/sources_1/new/DFlipFlop_NEW.v" Line 1. Module DFlipFlop_NEW doesn't have a timescale but at least one module in design has a timescale.
WARNING: [XSIM 43-4099] "C:/Users/Sabouzeid0/Downloads/ms4_ALMOSTFINAL1/ms4_ALMOSTFINAL1.srcs/sources_1/imports/sources_1/imports/sources_1/new/DFlipFlop_NEW.v" Line 1. Module DFlipFlop_NEW doesn't have a timescale but at least one module in design has a timescale.
WARNING: [XSIM 43-4099] "C:/Users/Sabouzeid0/Downloads/ms4_ALMOSTFINAL1/ms4_ALMOSTFINAL1.srcs/sources_1/imports/sources_1/imports/sources_1/new/DFlipFlop_NEW.v" Line 1. Module DFlipFlop_NEW doesn't have a timescale but at least one module in design has a timescale.
WARNING: [XSIM 43-4099] "C:/Users/Sabouzeid0/Downloads/ms4_ALMOSTFINAL1/ms4_ALMOSTFINAL1.srcs/sources_1/imports/sources_1/imports/sources_1/new/DFlipFlop_NEW.v" Line 1. Module DFlipFlop_NEW doesn't have a timescale but at least one module in design has a timescale.
WARNING: [XSIM 43-4099] "C:/Users/Sabouzeid0/Downloads/ms4_ALMOSTFINAL1/ms4_ALMOSTFINAL1.srcs/sources_1/imports/sources_1/imports/sources_1/new/DFlipFlop_NEW.v" Line 1. Module DFlipFlop_NEW doesn't have a timescale but at least one module in design has a timescale.
WARNING: [XSIM 43-4099] "C:/Users/Sabouzeid0/Downloads/ms4_ALMOSTFINAL1/ms4_ALMOSTFINAL1.srcs/sources_1/imports/sources_1/imports/sources_1/new/DFlipFlop_NEW.v" Line 1. Module DFlipFlop_NEW doesn't have a timescale but at least one module in design has a timescale.
WARNING: [XSIM 43-4099] "C:/Users/Sabouzeid0/Downloads/ms4_ALMOSTFINAL1/ms4_ALMOSTFINAL1.srcs/sources_1/imports/sources_1/imports/sources_1/new/DFlipFlop_NEW.v" Line 1. Module DFlipFlop_NEW doesn't have a timescale but at least one module in design has a timescale.
WARNING: [XSIM 43-4099] "C:/Users/Sabouzeid0/Downloads/ms4_ALMOSTFINAL1/ms4_ALMOSTFINAL1.srcs/sources_1/imports/sources_1/imports/sources_1/new/DFlipFlop_NEW.v" Line 1. Module DFlipFlop_NEW doesn't have a timescale but at least one module in design has a timescale.
WARNING: [XSIM 43-4099] "C:/Users/Sabouzeid0/Downloads/ms4_ALMOSTFINAL1/ms4_ALMOSTFINAL1.srcs/sources_1/imports/sources_1/imports/sources_1/new/DFlipFlop_NEW.v" Line 1. Module DFlipFlop_NEW doesn't have a timescale but at least one module in design has a timescale.
WARNING: [XSIM 43-4099] "C:/Users/Sabouzeid0/Downloads/ms4_ALMOSTFINAL1/ms4_ALMOSTFINAL1.srcs/sources_1/imports/sources_1/imports/sources_1/new/DFlipFlop_NEW.v" Line 1. Module DFlipFlop_NEW doesn't have a timescale but at least one module in design has a timescale.
WARNING: [XSIM 43-4099] "C:/Users/Sabouzeid0/Downloads/ms4_ALMOSTFINAL1/ms4_ALMOSTFINAL1.srcs/sources_1/imports/sources_1/imports/sources_1/new/DFlipFlop_NEW.v" Line 1. Module DFlipFlop_NEW doesn't have a timescale but at least one module in design has a timescale.
WARNING: [XSIM 43-4099] "C:/Users/Sabouzeid0/Downloads/ms4_ALMOSTFINAL1/ms4_ALMOSTFINAL1.srcs/sources_1/imports/sources_1/imports/sources_1/new/DFlipFlop_NEW.v" Line 1. Module DFlipFlop_NEW doesn't have a timescale but at least one module in design has a timescale.
WARNING: [XSIM 43-4099] "C:/Users/Sabouzeid0/Downloads/ms4_ALMOSTFINAL1/ms4_ALMOSTFINAL1.srcs/sources_1/imports/sources_1/imports/sources_1/new/DFlipFlop_NEW.v" Line 1. Module DFlipFlop_NEW doesn't have a timescale but at least one module in design has a timescale.
WARNING: [XSIM 43-4099] "C:/Users/Sabouzeid0/Downloads/ms4_ALMOSTFINAL1/ms4_ALMOSTFINAL1.srcs/sources_1/imports/sources_1/imports/sources_1/new/DFlipFlop_NEW.v" Line 1. Module DFlipFlop_NEW doesn't have a timescale but at least one module in design has a timescale.
WARNING: [XSIM 43-4099] "C:/Users/Sabouzeid0/Downloads/ms4_ALMOSTFINAL1/ms4_ALMOSTFINAL1.srcs/sources_1/imports/sources_1/imports/sources_1/new/DFlipFlop_NEW.v" Line 1. Module DFlipFlop_NEW doesn't have a timescale but at least one module in design has a timescale.
WARNING: [XSIM 43-4099] "C:/Users/Sabouzeid0/Downloads/ms4_ALMOSTFINAL1/ms4_ALMOSTFINAL1.srcs/sources_1/imports/sources_1/imports/sources_1/new/DFlipFlop_NEW.v" Line 1. Module DFlipFlop_NEW doesn't have a timescale but at least one module in design has a timescale.
WARNING: [XSIM 43-4099] "C:/Users/Sabouzeid0/Downloads/ms4_ALMOSTFINAL1/ms4_ALMOSTFINAL1.srcs/sources_1/imports/sources_1/imports/sources_1/new/DFlipFlop_NEW.v" Line 1. Module DFlipFlop_NEW doesn't have a timescale but at least one module in design has a timescale.
WARNING: [XSIM 43-4099] "C:/Users/Sabouzeid0/Downloads/ms4_ALMOSTFINAL1/ms4_ALMOSTFINAL1.srcs/sources_1/imports/sources_1/imports/sources_1/new/DFlipFlop_NEW.v" Line 1. Module DFlipFlop_NEW doesn't have a timescale but at least one module in design has a timescale.
WARNING: [XSIM 43-4099] "C:/Users/Sabouzeid0/Downloads/ms4_ALMOSTFINAL1/ms4_ALMOSTFINAL1.srcs/sources_1/imports/sources_1/imports/sources_1/new/DFlipFlop_NEW.v" Line 1. Module DFlipFlop_NEW doesn't have a timescale but at least one module in design has a timescale.
WARNING: [XSIM 43-4099] "C:/Users/Sabouzeid0/Downloads/ms4_ALMOSTFINAL1/ms4_ALMOSTFINAL1.srcs/sources_1/imports/sources_1/imports/sources_1/new/DFlipFlop_NEW.v" Line 1. Module DFlipFlop_NEW doesn't have a timescale but at least one module in design has a timescale.
WARNING: [XSIM 43-4099] "C:/Users/Sabouzeid0/Downloads/ms4_ALMOSTFINAL1/ms4_ALMOSTFINAL1.srcs/sources_1/imports/sources_1/imports/sources_1/new/DFlipFlop_NEW.v" Line 1. Module DFlipFlop_NEW doesn't have a timescale but at least one module in design has a timescale.
WARNING: [XSIM 43-4099] "C:/Users/Sabouzeid0/Downloads/ms4_ALMOSTFINAL1/ms4_ALMOSTFINAL1.srcs/sources_1/imports/sources_1/imports/sources_1/new/DFlipFlop_NEW.v" Line 1. Module DFlipFlop_NEW doesn't have a timescale but at least one module in design has a timescale.
WARNING: [XSIM 43-4099] "C:/Users/Sabouzeid0/Downloads/ms4_ALMOSTFINAL1/ms4_ALMOSTFINAL1.srcs/sources_1/imports/sources_1/imports/sources_1/new/DFlipFlop_NEW.v" Line 1. Module DFlipFlop_NEW doesn't have a timescale but at least one module in design has a timescale.
WARNING: [XSIM 43-4099] "C:/Users/Sabouzeid0/Downloads/ms4_ALMOSTFINAL1/ms4_ALMOSTFINAL1.srcs/sources_1/imports/sources_1/imports/sources_1/new/DFlipFlop_NEW.v" Line 1. Module DFlipFlop_NEW doesn't have a timescale but at least one module in design has a timescale.
WARNING: [XSIM 43-4099] "C:/Users/Sabouzeid0/Downloads/ms4_ALMOSTFINAL1/ms4_ALMOSTFINAL1.srcs/sources_1/imports/sources_1/imports/sources_1/new/DFlipFlop_NEW.v" Line 1. Module DFlipFlop_NEW doesn't have a timescale but at least one module in design has a timescale.
WARNING: [XSIM 43-4099] "C:/Users/Sabouzeid0/Downloads/ms4_ALMOSTFINAL1/ms4_ALMOSTFINAL1.srcs/sources_1/imports/sources_1/imports/sources_1/new/DFlipFlop_NEW.v" Line 1. Module DFlipFlop_NEW doesn't have a timescale but at least one module in design has a timescale.
WARNING: [XSIM 43-4099] "C:/Users/Sabouzeid0/Downloads/ms4_ALMOSTFINAL1/ms4_ALMOSTFINAL1.srcs/sources_1/imports/sources_1/imports/sources_1/new/DFlipFlop_NEW.v" Line 1. Module DFlipFlop_NEW doesn't have a timescale but at least one module in design has a timescale.
WARNING: [XSIM 43-4099] "C:/Users/Sabouzeid0/Downloads/ms4_ALMOSTFINAL1/ms4_ALMOSTFINAL1.srcs/sources_1/imports/sources_1/imports/sources_1/new/DFlipFlop_NEW.v" Line 1. Module DFlipFlop_NEW doesn't have a timescale but at least one module in design has a timescale.
WARNING: [XSIM 43-4099] "C:/Users/Sabouzeid0/Downloads/ms4_ALMOSTFINAL1/ms4_ALMOSTFINAL1.srcs/sources_1/imports/sources_1/imports/sources_1/new/DFlipFlop_NEW.v" Line 1. Module DFlipFlop_NEW doesn't have a timescale but at least one module in design has a timescale.
WARNING: [XSIM 43-4099] "C:/Users/Sabouzeid0/Downloads/ms4_ALMOSTFINAL1/ms4_ALMOSTFINAL1.srcs/sources_1/imports/sources_1/imports/sources_1/new/DFlipFlop_NEW.v" Line 1. Module DFlipFlop_NEW doesn't have a timescale but at least one module in design has a timescale.
WARNING: [XSIM 43-4099] "C:/Users/Sabouzeid0/Downloads/ms4_ALMOSTFINAL1/ms4_ALMOSTFINAL1.srcs/sources_1/imports/sources_1/imports/sources_1/new/DFlipFlop_NEW.v" Line 1. Module DFlipFlop_NEW doesn't have a timescale but at least one module in design has a timescale.
WARNING: [XSIM 43-4099] "C:/Users/Sabouzeid0/Downloads/ms4_ALMOSTFINAL1/ms4_ALMOSTFINAL1.srcs/sources_1/imports/sources_1/imports/sources_1/new/DFlipFlop_NEW.v" Line 1. Module DFlipFlop_NEW doesn't have a timescale but at least one module in design has a timescale.
WARNING: [XSIM 43-4099] "C:/Users/Sabouzeid0/Downloads/ms4_ALMOSTFINAL1/ms4_ALMOSTFINAL1.srcs/sources_1/imports/sources_1/imports/sources_1/new/DFlipFlop_NEW.v" Line 1. Module DFlipFlop_NEW doesn't have a timescale but at least one module in design has a timescale.
WARNING: [XSIM 43-4099] "C:/Users/Sabouzeid0/Downloads/ms4_ALMOSTFINAL1/ms4_ALMOSTFINAL1.srcs/sources_1/imports/sources_1/imports/sources_1/new/DFlipFlop_NEW.v" Line 1. Module DFlipFlop_NEW doesn't have a timescale but at least one module in design has a timescale.
WARNING: [XSIM 43-4099] "C:/Users/Sabouzeid0/Downloads/ms4_ALMOSTFINAL1/ms4_ALMOSTFINAL1.srcs/sources_1/imports/sources_1/imports/sources_1/new/DFlipFlop_NEW.v" Line 1. Module DFlipFlop_NEW doesn't have a timescale but at least one module in design has a timescale.
WARNING: [XSIM 43-4099] "C:/Users/Sabouzeid0/Downloads/ms4_ALMOSTFINAL1/ms4_ALMOSTFINAL1.srcs/sources_1/imports/sources_1/imports/sources_1/new/DFlipFlop_NEW.v" Line 1. Module DFlipFlop_NEW doesn't have a timescale but at least one module in design has a timescale.
WARNING: [XSIM 43-4099] "C:/Users/Sabouzeid0/Downloads/ms4_ALMOSTFINAL1/ms4_ALMOSTFINAL1.srcs/sources_1/imports/sources_1/imports/sources_1/new/DFlipFlop_NEW.v" Line 1. Module DFlipFlop_NEW doesn't have a timescale but at least one module in design has a timescale.
WARNING: [XSIM 43-4099] "C:/Users/Sabouzeid0/Downloads/ms4_ALMOSTFINAL1/ms4_ALMOSTFINAL1.srcs/sources_1/imports/sources_1/imports/sources_1/new/DFlipFlop_NEW.v" Line 1. Module DFlipFlop_NEW doesn't have a timescale but at least one module in design has a timescale.
WARNING: [XSIM 43-4099] "C:/Users/Sabouzeid0/Downloads/ms4_ALMOSTFINAL1/ms4_ALMOSTFINAL1.srcs/sources_1/imports/sources_1/imports/sources_1/new/DFlipFlop_NEW.v" Line 1. Module DFlipFlop_NEW doesn't have a timescale but at least one module in design has a timescale.
WARNING: [XSIM 43-4099] "C:/Users/Sabouzeid0/Downloads/ms4_ALMOSTFINAL1/ms4_ALMOSTFINAL1.srcs/sources_1/imports/sources_1/imports/sources_1/new/DFlipFlop_NEW.v" Line 1. Module DFlipFlop_NEW doesn't have a timescale but at least one module in design has a timescale.
WARNING: [XSIM 43-4099] "C:/Users/Sabouzeid0/Downloads/ms4_ALMOSTFINAL1/ms4_ALMOSTFINAL1.srcs/sources_1/imports/sources_1/imports/sources_1/new/DFlipFlop_NEW.v" Line 1. Module DFlipFlop_NEW doesn't have a timescale but at least one module in design has a timescale.
WARNING: [XSIM 43-4099] "C:/Users/Sabouzeid0/Downloads/ms4_ALMOSTFINAL1/ms4_ALMOSTFINAL1.srcs/sources_1/imports/sources_1/imports/sources_1/new/DFlipFlop_NEW.v" Line 1. Module DFlipFlop_NEW doesn't have a timescale but at least one module in design has a timescale.
WARNING: [XSIM 43-4099] "C:/Users/Sabouzeid0/Downloads/ms4_ALMOSTFINAL1/ms4_ALMOSTFINAL1.srcs/sources_1/imports/sources_1/imports/sources_1/new/DFlipFlop_NEW.v" Line 1. Module DFlipFlop_NEW doesn't have a timescale but at least one module in design has a timescale.
WARNING: [XSIM 43-4099] "C:/Users/Sabouzeid0/Downloads/ms4_ALMOSTFINAL1/ms4_ALMOSTFINAL1.srcs/sources_1/imports/sources_1/imports/sources_1/new/DFlipFlop_NEW.v" Line 1. Module DFlipFlop_NEW doesn't have a timescale but at least one module in design has a timescale.
WARNING: [XSIM 43-4099] "C:/Users/Sabouzeid0/Downloads/ms4_ALMOSTFINAL1/ms4_ALMOSTFINAL1.srcs/sources_1/imports/sources_1/imports/sources_1/new/DFlipFlop_NEW.v" Line 1. Module DFlipFlop_NEW doesn't have a timescale but at least one module in design has a timescale.
WARNING: [XSIM 43-4099] "C:/Users/Sabouzeid0/Downloads/ms4_ALMOSTFINAL1/ms4_ALMOSTFINAL1.srcs/sources_1/imports/sources_1/imports/sources_1/new/DFlipFlop_NEW.v" Line 1. Module DFlipFlop_NEW doesn't have a timescale but at least one module in design has a timescale.
WARNING: [XSIM 43-4099] "C:/Users/Sabouzeid0/Downloads/ms4_ALMOSTFINAL1/ms4_ALMOSTFINAL1.srcs/sources_1/imports/sources_1/imports/sources_1/new/DFlipFlop_NEW.v" Line 1. Module DFlipFlop_NEW doesn't have a timescale but at least one module in design has a timescale.
WARNING: [XSIM 43-4099] "C:/Users/Sabouzeid0/Downloads/ms4_ALMOSTFINAL1/ms4_ALMOSTFINAL1.srcs/sources_1/imports/sources_1/imports/sources_1/new/DFlipFlop_NEW.v" Line 1. Module DFlipFlop_NEW doesn't have a timescale but at least one module in design has a timescale.
WARNING: [XSIM 43-4099] "C:/Users/Sabouzeid0/Downloads/ms4_ALMOSTFINAL1/ms4_ALMOSTFINAL1.srcs/sources_1/imports/sources_1/imports/sources_1/new/DFlipFlop_NEW.v" Line 1. Module DFlipFlop_NEW doesn't have a timescale but at least one module in design has a timescale.
WARNING: [XSIM 43-4099] "C:/Users/Sabouzeid0/Downloads/ms4_ALMOSTFINAL1/ms4_ALMOSTFINAL1.srcs/sources_1/imports/sources_1/imports/sources_1/new/DFlipFlop_NEW.v" Line 1. Module DFlipFlop_NEW doesn't have a timescale but at least one module in design has a timescale.
WARNING: [XSIM 43-4099] "C:/Users/Sabouzeid0/Downloads/ms4_ALMOSTFINAL1/ms4_ALMOSTFINAL1.srcs/sources_1/imports/sources_1/imports/sources_1/new/DFlipFlop_NEW.v" Line 1. Module DFlipFlop_NEW doesn't have a timescale but at least one module in design has a timescale.
WARNING: [XSIM 43-4099] "C:/Users/Sabouzeid0/Downloads/ms4_ALMOSTFINAL1/ms4_ALMOSTFINAL1.srcs/sources_1/imports/sources_1/imports/sources_1/new/DFlipFlop_NEW.v" Line 1. Module DFlipFlop_NEW doesn't have a timescale but at least one module in design has a timescale.
WARNING: [XSIM 43-4099] "C:/Users/Sabouzeid0/Downloads/ms4_ALMOSTFINAL1/ms4_ALMOSTFINAL1.srcs/sources_1/imports/sources_1/imports/sources_1/new/DFlipFlop_NEW.v" Line 1. Module DFlipFlop_NEW doesn't have a timescale but at least one module in design has a timescale.
WARNING: [XSIM 43-4099] "C:/Users/Sabouzeid0/Downloads/ms4_ALMOSTFINAL1/ms4_ALMOSTFINAL1.srcs/sources_1/imports/sources_1/imports/sources_1/new/DFlipFlop_NEW.v" Line 1. Module DFlipFlop_NEW doesn't have a timescale but at least one module in design has a timescale.
WARNING: [XSIM 43-4099] "C:/Users/Sabouzeid0/Downloads/ms4_ALMOSTFINAL1/ms4_ALMOSTFINAL1.srcs/sources_1/imports/sources_1/imports/sources_1/new/DFlipFlop_NEW.v" Line 1. Module DFlipFlop_NEW doesn't have a timescale but at least one module in design has a timescale.
WARNING: [XSIM 43-4099] "C:/Users/Sabouzeid0/Downloads/ms4_ALMOSTFINAL1/ms4_ALMOSTFINAL1.srcs/sources_1/imports/sources_1/imports/sources_1/new/DFlipFlop_NEW.v" Line 1. Module DFlipFlop_NEW doesn't have a timescale but at least one module in design has a timescale.
WARNING: [XSIM 43-4099] "C:/Users/Sabouzeid0/Downloads/ms4_ALMOSTFINAL1/ms4_ALMOSTFINAL1.srcs/sources_1/imports/sources_1/imports/sources_1/new/DFlipFlop_NEW.v" Line 1. Module DFlipFlop_NEW doesn't have a timescale but at least one module in design has a timescale.
WARNING: [XSIM 43-4099] "C:/Users/Sabouzeid0/Downloads/ms4_ALMOSTFINAL1/ms4_ALMOSTFINAL1.srcs/sources_1/imports/sources_1/imports/sources_1/new/DFlipFlop_NEW.v" Line 1. Module DFlipFlop_NEW doesn't have a timescale but at least one module in design has a timescale.
WARNING: [XSIM 43-4099] "C:/Users/Sabouzeid0/Downloads/ms4_ALMOSTFINAL1/ms4_ALMOSTFINAL1.srcs/sources_1/imports/sources_1/imports/sources_1/new/DFlipFlop_NEW.v" Line 1. Module DFlipFlop_NEW doesn't have a timescale but at least one module in design has a timescale.
WARNING: [XSIM 43-4099] "C:/Users/Sabouzeid0/Downloads/ms4_ALMOSTFINAL1/ms4_ALMOSTFINAL1.srcs/sources_1/imports/sources_1/imports/sources_1/new/DFlipFlop_NEW.v" Line 1. Module DFlipFlop_NEW doesn't have a timescale but at least one module in design has a timescale.
WARNING: [XSIM 43-4099] "C:/Users/Sabouzeid0/Downloads/ms4_ALMOSTFINAL1/ms4_ALMOSTFINAL1.srcs/sources_1/imports/sources_1/imports/sources_1/new/DFlipFlop_NEW.v" Line 1. Module DFlipFlop_NEW doesn't have a timescale but at least one module in design has a timescale.
WARNING: [XSIM 43-4099] "C:/Users/Sabouzeid0/Downloads/ms4_ALMOSTFINAL1/ms4_ALMOSTFINAL1.srcs/sources_1/imports/sources_1/imports/sources_1/new/DFlipFlop_NEW.v" Line 1. Module DFlipFlop_NEW doesn't have a timescale but at least one module in design has a timescale.
WARNING: [XSIM 43-4099] "C:/Users/Sabouzeid0/Downloads/ms4_ALMOSTFINAL1/ms4_ALMOSTFINAL1.srcs/sources_1/imports/sources_1/imports/sources_1/new/DFlipFlop_NEW.v" Line 1. Module DFlipFlop_NEW doesn't have a timescale but at least one module in design has a timescale.
WARNING: [XSIM 43-4099] "C:/Users/Sabouzeid0/Downloads/ms4_ALMOSTFINAL1/ms4_ALMOSTFINAL1.srcs/sources_1/imports/sources_1/imports/sources_1/new/DFlipFlop_NEW.v" Line 1. Module DFlipFlop_NEW doesn't have a timescale but at least one module in design has a timescale.
WARNING: [XSIM 43-4099] "C:/Users/Sabouzeid0/Downloads/ms4_ALMOSTFINAL1/ms4_ALMOSTFINAL1.srcs/sources_1/imports/sources_1/imports/sources_1/new/DFlipFlop_NEW.v" Line 1. Module DFlipFlop_NEW doesn't have a timescale but at least one module in design has a timescale.
WARNING: [XSIM 43-4099] "C:/Users/Sabouzeid0/Downloads/ms4_ALMOSTFINAL1/ms4_ALMOSTFINAL1.srcs/sources_1/imports/sources_1/imports/sources_1/new/DFlipFlop_NEW.v" Line 1. Module DFlipFlop_NEW doesn't have a timescale but at least one module in design has a timescale.
WARNING: [XSIM 43-4099] "C:/Users/Sabouzeid0/Downloads/ms4_ALMOSTFINAL1/ms4_ALMOSTFINAL1.srcs/sources_1/imports/sources_1/imports/sources_1/new/DFlipFlop_NEW.v" Line 1. Module DFlipFlop_NEW doesn't have a timescale but at least one module in design has a timescale.
WARNING: [XSIM 43-4099] "C:/Users/Sabouzeid0/Downloads/ms4_ALMOSTFINAL1/ms4_ALMOSTFINAL1.srcs/sources_1/imports/sources_1/imports/sources_1/new/DFlipFlop_NEW.v" Line 1. Module DFlipFlop_NEW doesn't have a timescale but at least one module in design has a timescale.
WARNING: [XSIM 43-4099] "C:/Users/Sabouzeid0/Downloads/ms4_ALMOSTFINAL1/ms4_ALMOSTFINAL1.srcs/sources_1/imports/sources_1/imports/sources_1/new/DFlipFlop_NEW.v" Line 1. Module DFlipFlop_NEW doesn't have a timescale but at least one module in design has a timescale.
WARNING: [XSIM 43-4099] "C:/Users/Sabouzeid0/Downloads/ms4_ALMOSTFINAL1/ms4_ALMOSTFINAL1.srcs/sources_1/imports/sources_1/imports/sources_1/new/DFlipFlop_NEW.v" Line 1. Module DFlipFlop_NEW doesn't have a timescale but at least one module in design has a timescale.
WARNING: [XSIM 43-4099] "C:/Users/Sabouzeid0/Downloads/ms4_ALMOSTFINAL1/ms4_ALMOSTFINAL1.srcs/sources_1/imports/sources_1/imports/sources_1/new/DFlipFlop_NEW.v" Line 1. Module DFlipFlop_NEW doesn't have a timescale but at least one module in design has a timescale.
WARNING: [XSIM 43-4099] "C:/Users/Sabouzeid0/Downloads/ms4_ALMOSTFINAL1/ms4_ALMOSTFINAL1.srcs/sources_1/imports/sources_1/imports/sources_1/new/DFlipFlop_NEW.v" Line 1. Module DFlipFlop_NEW doesn't have a timescale but at least one module in design has a timescale.
WARNING: [XSIM 43-4099] "C:/Users/Sabouzeid0/Downloads/ms4_ALMOSTFINAL1/ms4_ALMOSTFINAL1.srcs/sources_1/imports/sources_1/imports/sources_1/new/DFlipFlop_NEW.v" Line 1. Module DFlipFlop_NEW doesn't have a timescale but at least one module in design has a timescale.
WARNING: [XSIM 43-4099] "C:/Users/Sabouzeid0/Downloads/ms4_ALMOSTFINAL1/ms4_ALMOSTFINAL1.srcs/sources_1/imports/sources_1/imports/sources_1/new/DFlipFlop_NEW.v" Line 1. Module DFlipFlop_NEW doesn't have a timescale but at least one module in design has a timescale.
WARNING: [XSIM 43-4099] "C:/Users/Sabouzeid0/Downloads/ms4_ALMOSTFINAL1/ms4_ALMOSTFINAL1.srcs/sources_1/imports/sources_1/imports/sources_1/new/DFlipFlop_NEW.v" Line 1. Module DFlipFlop_NEW doesn't have a timescale but at least one module in design has a timescale.
WARNING: [XSIM 43-4099] "C:/Users/Sabouzeid0/Downloads/ms4_ALMOSTFINAL1/ms4_ALMOSTFINAL1.srcs/sources_1/imports/sources_1/imports/sources_1/new/DFlipFlop_NEW.v" Line 1. Module DFlipFlop_NEW doesn't have a timescale but at least one module in design has a timescale.
WARNING: [XSIM 43-4099] "C:/Users/Sabouzeid0/Downloads/ms4_ALMOSTFINAL1/ms4_ALMOSTFINAL1.srcs/sources_1/imports/sources_1/imports/sources_1/new/DFlipFlop_NEW.v" Line 1. Module DFlipFlop_NEW doesn't have a timescale but at least one module in design has a timescale.
WARNING: [XSIM 43-4099] "C:/Users/Sabouzeid0/Downloads/ms4_ALMOSTFINAL1/ms4_ALMOSTFINAL1.srcs/sources_1/imports/sources_1/imports/sources_1/new/DFlipFlop_NEW.v" Line 1. Module DFlipFlop_NEW doesn't have a timescale but at least one module in design has a timescale.
WARNING: [XSIM 43-4099] "C:/Users/Sabouzeid0/Downloads/ms4_ALMOSTFINAL1/ms4_ALMOSTFINAL1.srcs/sources_1/imports/sources_1/imports/sources_1/new/DFlipFlop_NEW.v" Line 1. Module DFlipFlop_NEW doesn't have a timescale but at least one module in design has a timescale.
WARNING: [XSIM 43-4099] "C:/Users/Sabouzeid0/Downloads/ms4_ALMOSTFINAL1/ms4_ALMOSTFINAL1.srcs/sources_1/imports/sources_1/imports/sources_1/new/DFlipFlop_NEW.v" Line 1. Module DFlipFlop_NEW doesn't have a timescale but at least one module in design has a timescale.
WARNING: [XSIM 43-4099] "C:/Users/Sabouzeid0/Downloads/ms4_ALMOSTFINAL1/ms4_ALMOSTFINAL1.srcs/sources_1/imports/sources_1/imports/sources_1/new/DFlipFlop_NEW.v" Line 1. Module DFlipFlop_NEW doesn't have a timescale but at least one module in design has a timescale.
WARNING: [XSIM 43-4099] "C:/Users/Sabouzeid0/Downloads/ms4_ALMOSTFINAL1/ms4_ALMOSTFINAL1.srcs/sources_1/imports/sources_1/imports/sources_1/new/DFlipFlop_NEW.v" Line 1. Module DFlipFlop_NEW doesn't have a timescale but at least one module in design has a timescale.
WARNING: [XSIM 43-4099] "C:/Users/Sabouzeid0/Downloads/ms4_ALMOSTFINAL1/ms4_ALMOSTFINAL1.srcs/sources_1/imports/sources_1/imports/sources_1/new/DFlipFlop_NEW.v" Line 1. Module DFlipFlop_NEW doesn't have a timescale but at least one module in design has a timescale.
WARNING: [XSIM 43-4099] "C:/Users/Sabouzeid0/Downloads/ms4_ALMOSTFINAL1/ms4_ALMOSTFINAL1.srcs/sources_1/imports/sources_1/imports/sources_1/new/DFlipFlop_NEW.v" Line 1. Module DFlipFlop_NEW doesn't have a timescale but at least one module in design has a timescale.
WARNING: [XSIM 43-4099] "C:/Users/Sabouzeid0/Downloads/ms4_ALMOSTFINAL1/ms4_ALMOSTFINAL1.srcs/sources_1/imports/sources_1/imports/sources_1/new/DFlipFlop_NEW.v" Line 1. Module DFlipFlop_NEW doesn't have a timescale but at least one module in design has a timescale.
WARNING: [XSIM 43-4099] "C:/Users/Sabouzeid0/Downloads/ms4_ALMOSTFINAL1/ms4_ALMOSTFINAL1.srcs/sources_1/imports/sources_1/imports/sources_1/new/DFlipFlop_NEW.v" Line 1. Module DFlipFlop_NEW doesn't have a timescale but at least one module in design has a timescale.
WARNING: [XSIM 43-4099] "C:/Users/Sabouzeid0/Downloads/ms4_ALMOSTFINAL1/ms4_ALMOSTFINAL1.srcs/sources_1/imports/sources_1/imports/sources_1/new/DFlipFlop_NEW.v" Line 1. Module DFlipFlop_NEW doesn't have a timescale but at least one module in design has a timescale.
WARNING: [XSIM 43-4099] "C:/Users/Sabouzeid0/Downloads/ms4_ALMOSTFINAL1/ms4_ALMOSTFINAL1.srcs/sources_1/imports/sources_1/imports/sources_1/new/DFlipFlop_NEW.v" Line 1. Module DFlipFlop_NEW doesn't have a timescale but at least one module in design has a timescale.
WARNING: [XSIM 43-4099] "C:/Users/Sabouzeid0/Downloads/ms4_ALMOSTFINAL1/ms4_ALMOSTFINAL1.srcs/sources_1/imports/sources_1/imports/sources_1/new/DFlipFlop_NEW.v" Line 1. Module DFlipFlop_NEW doesn't have a timescale but at least one module in design has a timescale.
WARNING: [XSIM 43-4099] "C:/Users/Sabouzeid0/Downloads/ms4_ALMOSTFINAL1/ms4_ALMOSTFINAL1.srcs/sources_1/imports/sources_1/imports/sources_1/new/DFlipFlop_NEW.v" Line 1. Module DFlipFlop_NEW doesn't have a timescale but at least one module in design has a timescale.
WARNING: [XSIM 43-4099] "C:/Users/Sabouzeid0/Downloads/ms4_ALMOSTFINAL1/ms4_ALMOSTFINAL1.srcs/sources_1/imports/sources_1/imports/sources_1/new/DFlipFlop_NEW.v" Line 1. Module DFlipFlop_NEW doesn't have a timescale but at least one module in design has a timescale.
WARNING: [XSIM 43-4099] "C:/Users/Sabouzeid0/Downloads/ms4_ALMOSTFINAL1/ms4_ALMOSTFINAL1.srcs/sources_1/imports/sources_1/imports/sources_1/new/DFlipFlop_NEW.v" Line 1. Module DFlipFlop_NEW doesn't have a timescale but at least one module in design has a timescale.
WARNING: [XSIM 43-4099] "C:/Users/Sabouzeid0/Downloads/ms4_ALMOSTFINAL1/ms4_ALMOSTFINAL1.srcs/sources_1/imports/sources_1/imports/sources_1/new/DFlipFlop_NEW.v" Line 1. Module DFlipFlop_NEW doesn't have a timescale but at least one module in design has a timescale.
WARNING: [XSIM 43-4099] "C:/Users/Sabouzeid0/Downloads/ms4_ALMOSTFINAL1/ms4_ALMOSTFINAL1.srcs/sources_1/imports/sources_1/imports/sources_1/new/DFlipFlop_NEW.v" Line 1. Module DFlipFlop_NEW doesn't have a timescale but at least one module in design has a timescale.
WARNING: [XSIM 43-4099] "C:/Users/Sabouzeid0/Downloads/ms4_ALMOSTFINAL1/ms4_ALMOSTFINAL1.srcs/sources_1/imports/sources_1/imports/sources_1/new/DFlipFlop_NEW.v" Line 1. Module DFlipFlop_NEW doesn't have a timescale but at least one module in design has a timescale.
INFO: [Common 17-14] Message 'XSIM 43-4099' appears 100 times and further instances of the messages will be disabled. Use the Tcl command set_msg_config to change the current settings.
Completed simulation data flow analysis
Time Resolution for simulation is 1ps
Compiling module xil_defaultlib.MUX_NEW1
Compiling module xil_defaultlib.MUXarr(n=32)
Compiling module xil_defaultlib.FullAdder
Compiling module xil_defaultlib.comp
Compiling module xil_defaultlib.Addernew_default
Compiling module xil_defaultlib.DFlipFlop_NEW
Compiling module xil_defaultlib.Registernew_default
Compiling module xil_defaultlib.Counter
Compiling module xil_defaultlib.Memory
Compiling module xil_defaultlib.Registernew(n=64)
Compiling module xil_defaultlib.CU
Compiling module xil_defaultlib.decode(n=32)
Compiling module xil_defaultlib.DFlipFlop
Compiling module xil_defaultlib.Register(n=32)
Compiling module xil_defaultlib.MUX(n=32)
Compiling module xil_defaultlib.RegisterFile
Compiling module xil_defaultlib.immediate_generator
Compiling module xil_defaultlib.thirtytwoshiftleft
Compiling module xil_defaultlib.MUXarr(n=13)
Compiling module xil_defaultlib.Registernew(n=225)
Compiling module xil_defaultlib.forwarding_unit
Compiling module xil_defaultlib.ALUControl
Compiling module xil_defaultlib.Adder_default
Compiling module xil_defaultlib.ALU
Compiling module xil_defaultlib.Registernew(n=242)
Compiling module xil_defaultlib.Registernew(n=299)
Compiling module xil_defaultlib.CU2
Compiling module xil_defaultlib.RISCV
Compiling module xil_defaultlib.test
Compiling module xil_defaultlib.glbl
Built simulation snapshot test_behav
