Copyright 1986-2016 Xilinx, Inc. All Rights Reserved.
------------------------------------------------------------------------------------
| Tool Version : Vivado v.2016.4 (win64) Build 1733598 Wed Dec 14 22:35:39 MST 2016
| Date         : Wed Nov 20 00:32:07 2019
| Host         : CSE-P07-2168-04 running 64-bit major release  (build 9200)
| Command      : report_control_sets -verbose -file RISCV_control_sets_placed.rpt
| Design       : RISCV
| Device       : xc7a100t
------------------------------------------------------------------------------------

Control Set Information

Table of Contents
-----------------
1. Summary
2. Flip-Flop Distribution
3. Detailed Control Set Information

1. Summary
----------

+----------------------------------------------------------+-------+
|                          Status                          | Count |
+----------------------------------------------------------+-------+
| Number of unique control sets                            |   170 |
| Unused register locations in slices containing registers |   121 |
+----------------------------------------------------------+-------+


2. Flip-Flop Distribution
-------------------------

+--------------+-----------------------+------------------------+-----------------+--------------+
| Clock Enable | Synchronous Set/Reset | Asynchronous Set/Reset | Total Registers | Total Slices |
+--------------+-----------------------+------------------------+-----------------+--------------+
| No           | No                    | No                     |            1084 |          655 |
| No           | No                    | Yes                    |               0 |            0 |
| No           | Yes                   | No                     |              16 |           10 |
| Yes          | No                    | No                     |               0 |            0 |
| Yes          | No                    | Yes                    |            1659 |          769 |
| Yes          | Yes                   | No                     |               0 |            0 |
+--------------+-----------------------+------------------------+-----------------+--------------+


3. Detailed Control Set Information
-----------------------------------

+-----------------------------------------+------------------------------------------+----------------------------------+------------------+----------------+
|               Clock Signal              |               Enable Signal              |         Set/Reset Signal         | Slice Load Count | Bel Load Count |
+-----------------------------------------+------------------------------------------+----------------------------------+------------------+----------------+
|  Controlunit/jump_reg/G0                |                                          |                                  |                1 |              1 |
|  Controlunit/memToReg_reg/G0            |                                          |                                  |                1 |              1 |
|  Pipeline1/genblk1[34].F1/jal1_in       |                                          | Pipeline1/genblk1[36].F1/Q_reg_3 |                1 |              1 |
|  Pipeline2/genblk1[39].F1/E[0]          |                                          | Pipeline2/genblk1[48].F1/AR[0]   |                1 |              1 |
|  Pipeline1/genblk1[33].F1/Q_reg_1[1]    |                                          |                                  |                1 |              1 |
|  control/Q_reg_33                       |                                          |                                  |                1 |              1 |
|  Pipeline1/genblk1[34].F1/Q_reg_11      |                                          | Pipeline1/genblk1[34].F1/Q_reg_2 |                1 |              1 |
|  Pipeline1/genblk1[34].F1/Q_reg_3       |                                          | Pipeline1/genblk1[36].F1/Q_reg_3 |                1 |              1 |
|  clk_IBUF_BUFG                          |                                          |                                  |                1 |              1 |
|  Pipeline1/genblk1[34].F1/jal1_in       |                                          | Pipeline1/genblk1[37].F1/Q_reg_1 |                1 |              2 |
|  Pipeline2/genblk1[40].F1/E[0]          |                                          | Pipeline2/genblk1[47].F1/AR[0]   |                1 |              2 |
|  Pipeline1/genblk1[34].F1/E[1]          |                                          | Pipeline1/genblk1[36].F1/Q_reg_3 |                1 |              2 |
|  Pipeline2/genblk1[39].F1/E[0]          |                                          | Pipeline2/genblk1[48].F1/AR[1]   |                1 |              2 |
|  Pipeline1/genblk1[34].F1/E[0]          |                                          | Pipeline1/genblk1[35].F1/AR[0]   |                1 |              2 |
|  Pipeline_out4_BUFG[70]                 |                                          | Pipeline4/genblk1[4].F1/Q_reg_0  |                1 |              2 |
|  PC1/genblk1[0].F1/Q_reg_25[0]          |                                          |                                  |                4 |              8 |
|  PC1/genblk1[0].F1/Q_reg_42[0]          |                                          |                                  |                3 |              8 |
|  PC1/genblk1[0].F1/Q_reg_5[0]           |                                          |                                  |                5 |              8 |
|  PC1/genblk1[0].F1/Q_reg_52[0]          |                                          |                                  |                8 |              8 |
|  PC1/genblk1[0].F1/Q_reg_64[0]          |                                          |                                  |                4 |              8 |
|  PC1/genblk1[0].F1/Q_reg_7[0]           |                                          |                                  |                5 |              8 |
|  PC1/genblk1[0].F1/Q_reg_73[0]          |                                          |                                  |                5 |              8 |
|  PC1/genblk1[0].F1/Q_reg_78[0]          |                                          |                                  |                6 |              8 |
|  PC1/genblk1[0].F1/Q_reg_79[0]          |                                          |                                  |                8 |              8 |
|  PC1/genblk1[1].F1/Q_reg_1[0]           |                                          |                                  |                4 |              8 |
|  PC1/genblk1[1].F1/Q_reg_13[0]          |                                          |                                  |                4 |              8 |
|  PC1/genblk1[1].F1/Q_reg_17[0]          |                                          |                                  |                6 |              8 |
|  PC1/genblk1[1].F1/Q_reg_2[0]           |                                          |                                  |                5 |              8 |
|  PC1/genblk1[1].F1/Q_reg_23[0]          |                                          |                                  |                5 |              8 |
|  PC1/genblk1[1].F1/Q_reg_25[0]          |                                          |                                  |                3 |              8 |
|  PC1/genblk1[1].F1/Q_reg_29[0]          |                                          |                                  |                5 |              8 |
|  PC1/genblk1[1].F1/Q_reg_33[0]          |                                          |                                  |                5 |              8 |
|  PC1/genblk1[1].F1/Q_reg_51[0]          |                                          |                                  |                7 |              8 |
|  PC1/genblk1[1].F1/Q_reg_56[0]          |                                          |                                  |                4 |              8 |
|  PC1/genblk1[1].F1/Q_reg_57[0]          |                                          |                                  |                4 |              8 |
|  PC1/genblk1[1].F1/Q_reg_63[0]          |                                          |                                  |                7 |              8 |
|  PC1/genblk1[1].F1/Q_reg_65[0]          |                                          |                                  |                5 |              8 |
|  PC1/genblk1[1].F1/Q_reg_68[0]          |                                          |                                  |                5 |              8 |
|  PC1/genblk1[1].F1/Q_reg_9[0]           |                                          |                                  |                5 |              8 |
|  PC1/genblk1[2].F1/Q_reg_11[0]          |                                          |                                  |                4 |              8 |
|  PC1/genblk1[2].F1/Q_reg_16[0]          |                                          |                                  |                4 |              8 |
|  PC1/genblk1[2].F1/Q_reg_17[0]          |                                          |                                  |                4 |              8 |
|  PC1/genblk1[2].F1/Q_reg_21[0]          |                                          |                                  |                7 |              8 |
|  PC1/genblk1[2].F1/Q_reg_23[0]          |                                          |                                  |                5 |              8 |
|  PC1/genblk1[2].F1/Q_reg_25[0]          |                                          |                                  |                2 |              8 |
|  PC1/genblk1[2].F1/Q_reg_30[0]          |                                          |                                  |                5 |              8 |
|  PC1/genblk1[2].F1/Q_reg_36[0]          |                                          |                                  |                7 |              8 |
|  PC1/genblk1[2].F1/Q_reg_38[0]          |                                          |                                  |                7 |              8 |
|  PC1/genblk1[2].F1/Q_reg_8[0]           |                                          |                                  |                7 |              8 |
|  Pipeline3/genblk1[6].F1/Q_reg_1[0]     |                                          |                                  |                7 |              8 |
|  Pipeline3/genblk1[6].F1/Q_reg_10[0]    |                                          |                                  |                4 |              8 |
|  Pipeline3/genblk1[6].F1/Q_reg_11[0]    |                                          |                                  |                6 |              8 |
|  Pipeline3/genblk1[6].F1/Q_reg_13[0]    |                                          |                                  |                5 |              8 |
|  Pipeline3/genblk1[6].F1/Q_reg_14[0]    |                                          |                                  |                6 |              8 |
|  Pipeline3/genblk1[6].F1/Q_reg_15[0]    |                                          |                                  |                5 |              8 |
|  Pipeline3/genblk1[6].F1/Q_reg_18[0]    |                                          |                                  |                5 |              8 |
|  Pipeline3/genblk1[6].F1/Q_reg_16[0]    |                                          |                                  |                5 |              8 |
|  Pipeline3/genblk1[6].F1/Q_reg_17[0]    |                                          |                                  |                3 |              8 |
|  Pipeline3/genblk1[6].F1/Q_reg_3[0]     |                                          |                                  |                4 |              8 |
|  Pipeline3/genblk1[6].F1/Q_reg_4[0]     |                                          |                                  |                6 |              8 |
|  Pipeline3/genblk1[6].F1/Q_reg_5[0]     |                                          |                                  |                5 |              8 |
|  Pipeline3/genblk1[6].F1/Q_reg_6[0]     |                                          |                                  |                6 |              8 |
|  Pipeline3/genblk1[6].F1/Q_reg_7[0]     |                                          |                                  |                8 |              8 |
|  Pipeline3/genblk1[6].F1/Q_reg_8[0]     |                                          |                                  |                6 |              8 |
|  Pipeline3/genblk1[6].F1/Q_reg_9[0]     |                                          |                                  |                4 |              8 |
|  Pipeline1/genblk1[33].F1/Q_reg_1[2]    |                                          |                                  |                3 |              8 |
|  PC1/genblk1[3].F1/Q_reg_19[0]          |                                          |                                  |                5 |              8 |
|  PC1/genblk1[3].F1/Q_reg_3[0]           |                                          |                                  |                6 |              8 |
|  PC1/genblk1[3].F1/Q_reg_35[0]          |                                          |                                  |                4 |              8 |
|  PC1/genblk1[3].F1/Q_reg_40[0]          |                                          |                                  |                7 |              8 |
|  PC1/genblk1[3].F1/Q_reg_42[0]          |                                          |                                  |                4 |              8 |
|  PC1/genblk1[3].F1/Q_reg_7[0]           |                                          |                                  |                6 |              8 |
|  PC1/genblk1[4].F1/Q_reg_28[0]          |                                          |                                  |                5 |              8 |
|  PC1/genblk1[4].F1/Q_reg_6[0]           |                                          |                                  |                4 |              8 |
|  PC1/genblk1[4].F1/Q_reg_61[0]          |                                          |                                  |                3 |              8 |
|  PC1/genblk1[4].F1/Q_reg_82[0]          |                                          |                                  |                6 |              8 |
|  PC1/genblk1[4].F1/Q_reg_88[0]          |                                          |                                  |                4 |              8 |
|  PC1/genblk1[0].F1/Q_reg_1[0]           |                                          |                                  |                5 |              8 |
|  PC1/genblk1[0].F1/Q_reg_13[0]          |                                          |                                  |                3 |              8 |
|  PC1/genblk1[5].F1/E[0]                 |                                          |                                  |                6 |              8 |
|  PC1/genblk1[5].F1/Q_reg_25[0]          |                                          |                                  |                3 |              8 |
|  PC1/genblk1[5].F1/Q_reg_46[0]          |                                          |                                  |                6 |              8 |
|  PC1/genblk1[5].F1/Q_reg_48[0]          |                                          |                                  |                7 |              8 |
|  PC1/genblk1[5].F1/Q_reg_49[0]          |                                          |                                  |                8 |              8 |
|  PC1/genblk1[5].F1/Q_reg_52[0]          |                                          |                                  |                7 |              8 |
|  PC1/genblk1[1].F1/Q_reg_39[0]          |                                          |                                  |                3 |              8 |
|  PC1/genblk1[6].F1/Q_reg_11[0]          |                                          |                                  |                6 |              8 |
|  PC1/genblk1[6].F1/Q_reg_13[0]          |                                          |                                  |                2 |              8 |
|  PC1/genblk1[6].F1/Q_reg_26[0]          |                                          |                                  |                4 |              8 |
|  PC1/genblk1[6].F1/Q_reg_28[0]          |                                          |                                  |                5 |              8 |
|  PC1/genblk1[6].F1/Q_reg_30[0]          |                                          |                                  |                4 |              8 |
|  PC1/genblk1[6].F1/Q_reg_31[0]          |                                          |                                  |                3 |              8 |
|  PC1/genblk1[7].F1/Q_reg_14[0]          |                                          |                                  |                3 |              8 |
|  PC1/genblk1[7].F1/Q_reg_16[0]          |                                          |                                  |                7 |              8 |
|  PC1/genblk1[7].F1/Q_reg_22[0]          |                                          |                                  |                3 |              8 |
|  PC1/genblk1[7].F1/Q_reg_24[0]          |                                          |                                  |                5 |              8 |
|  PC1/genblk1[7].F1/Q_reg_26[0]          |                                          |                                  |                4 |              8 |
|  PC1/genblk1[7].F1/Q_reg_29[0]          |                                          |                                  |                3 |              8 |
|  PC1/genblk1[7].F1/Q_reg_36[0]          |                                          |                                  |                7 |              8 |
|  PC1/genblk1[7].F1/Q_reg_50[0]          |                                          |                                  |                3 |              8 |
|  PC1/genblk1[7].F1/Q_reg_52[0]          |                                          |                                  |                6 |              8 |
|  PC1/genblk1[7].F1/Q_reg_60[0]          |                                          |                                  |                4 |              8 |
|  PC1/genblk1[7].F1/Q_reg_63[0]          |                                          |                                  |                4 |              8 |
|  PC1/genblk1[7].F1/Q_reg_66[0]          |                                          |                                  |                6 |              8 |
|  PC1/genblk1[7].F1/Q_reg_80[0]          |                                          |                                  |                6 |              8 |
|  PC1/genblk1[6].F1/Q_reg_12[0]          |                                          |                                  |                5 |              8 |
|  Pipeline3/genblk1[107].F1/Q_reg_10[0]  |                                          |                                  |                5 |              8 |
|  Pipeline3/genblk1[107].F1/Q_reg_13[0]  |                                          |                                  |                3 |              8 |
|  Pipeline3/genblk1[107].F1/Q_reg_42[0]  |                                          |                                  |                5 |              8 |
|  Pipeline3/genblk1[107].F1/Q_reg_48[0]  |                                          |                                  |                4 |              8 |
|  Pipeline3/genblk1[109].F1/Q_reg_1[0]   |                                          |                                  |                8 |              8 |
|  Pipeline3/genblk1[108].F1/Q_reg_106[0] |                                          |                                  |                3 |              8 |
|  Pipeline3/genblk1[108].F1/Q_reg_146[0] |                                          |                                  |                4 |              8 |
|  Pipeline3/genblk1[108].F1/Q_reg_48[0]  |                                          |                                  |                4 |              8 |
|  Pipeline3/genblk1[109].F1/Q_reg_11[0]  |                                          |                                  |                4 |              8 |
|  Pipeline3/genblk1[109].F1/Q_reg_12[0]  |                                          |                                  |                5 |              8 |
|  Pipeline3/genblk1[109].F1/Q_reg_14[0]  |                                          |                                  |                7 |              8 |
|  Pipeline3/genblk1[109].F1/Q_reg_15[0]  |                                          |                                  |                5 |              8 |
|  Pipeline3/genblk1[109].F1/Q_reg_16[0]  |                                          |                                  |                5 |              8 |
|  Pipeline3/genblk1[109].F1/Q_reg_2[0]   |                                          |                                  |                3 |              8 |
|  Pipeline3/genblk1[109].F1/Q_reg_17[0]  |                                          |                                  |                5 |              8 |
|  Pipeline3/genblk1[109].F1/Q_reg_18[0]  |                                          |                                  |                2 |              8 |
|  Pipeline3/genblk1[109].F1/Q_reg_21[0]  |                                          |                                  |                6 |              8 |
|  Pipeline3/genblk1[109].F1/Q_reg_3[0]   |                                          |                                  |                7 |              8 |
|  Pipeline3/genblk1[109].F1/Q_reg_5[0]   |                                          |                                  |                6 |              8 |
|  Pipeline3/genblk1[109].F1/Q_reg_6[0]   |                                          |                                  |                7 |              8 |
|  Pipeline3/genblk1[109].F1/Q_reg_7[0]   |                                          |                                  |                4 |              8 |
|  Pipeline3/genblk1[109].F1/Q_reg_8[0]   |                                          |                                  |                5 |              8 |
|  Pipeline3/genblk1[109].F1/Q_reg_9[0]   |                                          |                                  |                6 |              8 |
|  PC1/genblk1[0].F1/Q_reg_17[0]          |                                          |                                  |                6 |              8 |
|  PC1/genblk1[0].F1/Q_reg_19[0]          |                                          |                                  |                7 |              8 |
|  Pipeline1/genblk1[33].F1/Q_reg_1[3]    |                                          |                                  |                5 |             11 |
|  Pipeline1/genblk1[33].F1/Q_reg_1[0]    |                                          |                                  |                7 |             12 |
|  outputPort_reg[13]_i_2_n_2             |                                          |                                  |                6 |             14 |
|  clk1_IBUF_BUFG                         |                                          |                                  |                5 |             20 |
|  Pipeline_out4_BUFG[70]                 |                                          |                                  |                8 |             30 |
|  n_0_10785_BUFG                         |                                          |                                  |               20 |             32 |
|  n_1_4007_BUFG                          |                                          |                                  |               19 |             32 |
| ~sclk_BUFG                              | Reg1/D1/Q[29]                            | rst_IBUF                         |               19 |             32 |
| ~sclk_BUFG                              | Reg1/D1/Q[0]                             | rst_IBUF                         |               22 |             32 |
| ~sclk_BUFG                              | Reg1/D1/Q[1]                             | rst_IBUF                         |               15 |             32 |
| ~sclk_BUFG                              | Reg1/D1/Q[2]                             | rst_IBUF                         |               13 |             32 |
| ~sclk_BUFG                              | Reg1/D1/Q[3]                             | rst_IBUF                         |               11 |             32 |
| ~sclk_BUFG                              | Reg1/D1/Q[4]                             | rst_IBUF                         |               11 |             32 |
| ~sclk_BUFG                              | Reg1/D1/Q[5]                             | rst_IBUF                         |               14 |             32 |
| ~sclk_BUFG                              | Reg1/D1/Q[6]                             | rst_IBUF                         |               21 |             32 |
| ~sclk_BUFG                              | Reg1/D1/Q[9]                             | rst_IBUF                         |               13 |             32 |
| ~sclk_BUFG                              | Reg1/D1/Q[7]                             | rst_IBUF                         |               17 |             32 |
| ~sclk_BUFG                              | Reg1/D1/Q[8]                             | rst_IBUF                         |               20 |             32 |
| ~sclk_BUFG                              | Reg1/D1/Q[10]                            | rst_IBUF                         |               13 |             32 |
| ~sclk_BUFG                              | Reg1/D1/Q[11]                            | rst_IBUF                         |               15 |             32 |
| ~sclk_BUFG                              | Reg1/D1/Q[12]                            | rst_IBUF                         |               10 |             32 |
| ~sclk_BUFG                              | Reg1/D1/Q[13]                            | rst_IBUF                         |               14 |             32 |
| ~sclk_BUFG                              | Reg1/D1/Q[14]                            | rst_IBUF                         |               17 |             32 |
| ~sclk_BUFG                              | Reg1/D1/Q[15]                            | rst_IBUF                         |               23 |             32 |
| ~sclk_BUFG                              | Reg1/D1/Q[16]                            | rst_IBUF                         |               12 |             32 |
| ~sclk_BUFG                              | Reg1/D1/Q[17]                            | rst_IBUF                         |               16 |             32 |
| ~sclk_BUFG                              | Reg1/D1/Q[18]                            | rst_IBUF                         |               16 |             32 |
| ~sclk_BUFG                              | Reg1/D1/Q[19]                            | rst_IBUF                         |               19 |             32 |
| ~sclk_BUFG                              | Reg1/D1/Q[20]                            | rst_IBUF                         |               15 |             32 |
| ~sclk_BUFG                              | Reg1/D1/Q[21]                            | rst_IBUF                         |               17 |             32 |
| ~sclk_BUFG                              | Reg1/D1/Q[22]                            | rst_IBUF                         |               22 |             32 |
| ~sclk_BUFG                              | Reg1/D1/Q[23]                            | rst_IBUF                         |               22 |             32 |
| ~sclk_BUFG                              | Reg1/D1/Q[24]                            | rst_IBUF                         |               13 |             32 |
| ~sclk_BUFG                              | Reg1/D1/Q[25]                            | rst_IBUF                         |               12 |             32 |
| ~sclk_BUFG                              | Reg1/D1/Q[26]                            | rst_IBUF                         |               14 |             32 |
| ~sclk_BUFG                              | Reg1/D1/Q[27]                            | rst_IBUF                         |                9 |             32 |
| ~sclk_BUFG                              | Reg1/D1/Q[28]                            | rst_IBUF                         |               20 |             32 |
| ~sclk_BUFG                              | Pipeline3/genblk1[107].F1/Q_reg_rep__7_0 | rst_IBUF                         |              131 |            295 |
|  sclk_BUFG                              | Pipeline3/genblk1[107].F1/Q_reg_rep__7_0 | rst_IBUF                         |              163 |            404 |
+-----------------------------------------+------------------------------------------+----------------------------------+------------------+----------------+


+--------+-----------------------+
| Fanout | Number of ControlSets |
+--------+-----------------------+
| 1      |                     9 |
| 2      |                     6 |
| 8      |                   116 |
| 11     |                     1 |
| 12     |                     1 |
| 14     |                     1 |
| 16+    |                    36 |
+--------+-----------------------+


